#
# A fatal error has been detected by the Java Runtime Environment:
#
#  EXCEPTION_ACCESS_VIOLATION (0xc0000005) at pc=0x00007ff801ef26c4, pid=31296, tid=21396
#
# JRE version: OpenJDK Runtime Environment (25.0.2+10) (build 25.0.2+10-69)
# Java VM: OpenJDK 64-Bit Server VM (25.0.2+10-69, mixed mode, sharing, tiered, compressed oops, compressed class ptrs, g1 gc, windows-amd64)
# Problematic frame:
# C  [libasyncProfiler.dll+0x926c4]
#
# No core dump will be written. Minidumps are not enabled by default on client versions of Windows
#
# JFR recording file will be written. Location: C:\Users\Fernando\Desktop\Repositorio\IPC1B_1S2026_Ejemplos\PacmanTablero\hs_err_pid31296.jfr
#
# If you would like to submit a bug report, please visit:
#   https://bugreport.java.com/bugreport/crash.jsp
# The crash happened outside the Java Virtual Machine in native code.
# See problematic frame for where to report the bug.
#

---------------  S U M M A R Y ------------

Command Line: -javaagent:C:\Program Files\JetBrains\IntelliJ IDEA 2025.1.2\lib\idea_rt.jar=60280 -Dfile.encoding=UTF-8 -Dsun.stdout.encoding=UTF-8 -Dsun.stderr.encoding=UTF-8 TableroPacman

Host: Intel(R) Core(TM) i5-10300H CPU @ 2.50GHz, 8 cores, 15G,  Windows 11 , 64 bit Build 26100 (10.0.26100.7309)
Time: Fri Feb  6 22:57:34 2026 Hora estándar, América Central elapsed time: 7.722223 seconds (0d 0h 0m 7s)

---------------  T H R E A D  ---------------

Current thread (0x000002a07fc3bd00):  JavaThread "Attach Listener" daemon [_thread_in_native, id=21396, stack(0x000000d94ab00000,0x000000d94ac00000) (1024K)]

Stack: [0x000000d94ab00000,0x000000d94ac00000],  sp=0x000000d94abfede0,  free space=1019k
Native frames: (J=compiled Java code, j=interpreted, Vv=VM code, C=native code)
C  [libasyncProfiler.dll+0x926c4]  (no source info available)
C  [libasyncProfiler.dll+0x92b9b]  (no source info available)
C  [libasyncProfiler.dll+0x917f4]  (no source info available)
C  [libasyncProfiler.dll+0x9206a]  (no source info available)
C  [libasyncProfiler.dll+0x8cc21]  (no source info available)
C  [libasyncProfiler.dll+0x7e5e1]  (no source info available)
C  [libasyncProfiler.dll+0x7d2f8]  (no source info available)
C  [libasyncProfiler.dll+0x7d1e0]  (no source info available)
C  [libasyncProfiler.dll+0x841b9]  (no source info available)
V  [jvm.dll+0x5e6026]  (no source info available)
V  [jvm.dll+0x5e6e0d]  (no source info available)
V  [jvm.dll+0x1977f7]  (no source info available)
V  [jvm.dll+0x199315]  (no source info available)
V  [jvm.dll+0x48e9d1]  (no source info available)
V  [jvm.dll+0x906fcd]  (no source info available)
V  [jvm.dll+0x7a56d5]  (no source info available)
C  [ucrtbase.dll+0x37b0]  (no source info available)
C  [KERNEL32.DLL+0x2e8d7]  (no source info available)
C  [ntdll.dll+0x8c53c]  (no source info available)


siginfo: EXCEPTION_ACCESS_VIOLATION (0xc0000005), reading address 0xffffffffffffffff


Registers:
RAX=0x0000000000000010, RBX=0x0000000000000000, RCX=0xffffffffffffffff, RDX=0x007fffda1564e010
RSP=0x000000d94abfede0, RBP=0x000002a01991ea30, RSI=0x000000d94abfef50, RDI=0x000002a01991ea30
R8 =0x0000000000000042, R9 =0x0000000713201eb8, R10=0x00007fffda3df480, R11=0x0000000000000002
R12=0x000000d94abfef50, R13=0x000002a019a36bc0, R14=0x000002a07fc3c148, R15=0x000002a07fc3c148
RIP=0x00007ff801ef26c4, EFLAGS=0x0000000000010202

XMM[0]=0x0000000000000000 0x0000000000000000
XMM[1]=0x0000000000000000 0x0000000000000000
XMM[2]=0x0000000000000000 0x0000000000000000
XMM[3]=0x0000000000000000 0x0000000000000000
XMM[4]=0x0000000000000000 0x0000000000000000
XMM[5]=0x0000000000000000 0x0000000000000000
XMM[6]=0x0000000000000000 0x0000000000000000
XMM[7]=0x0000000000000000 0x0000000000000000
XMM[8]=0x0000000000000000 0x0000000000000000
XMM[9]=0x0000000000000000 0x0000000000000000
XMM[10]=0x0000000000000000 0x0000000000000000
XMM[11]=0x0000000000000000 0x0000000000000000
XMM[12]=0x0000000000000000 0x0000000000000000
XMM[13]=0x0000000000000000 0x0000000000000000
XMM[14]=0x0000000000000000 0x0000000000000000
XMM[15]=0x0000000000000000 0x0000000000000000
  MXCSR=0x00001fa0


Register to memory mapping:

RAX=0x0000000000000010 is an unknown value
RBX=0x0 is null
RCX=0xffffffffffffffff is an unknown value
RDX=0x007fffda1564e010 is an unknown value
RSP=0x000000d94abfede0 is pointing into the stack for thread: 0x000002a07fc3bd00
RBP=0x000002a01991ea30 points into unknown readable memory: 0x0000000713201eb8 | b8 1e 20 13 07 00 00 00
RSI=0x000000d94abfef50 is pointing into the stack for thread: 0x000002a07fc3bd00
RDI=0x000002a01991ea30 points into unknown readable memory: 0x0000000713201eb8 | b8 1e 20 13 07 00 00 00
R8 =0x0000000000000042 is an unknown value
R9 =0x0000000713201eb8 is an oop: java.lang.Thread 
{0x0000000713201eb8} - klass: 'java/lang/Thread' - flags: 

 - ---- fields (total size 14 words):
 - 'threadLocalRandomProbe' 'I' @12  0 (0x00000000)
 - private volatile 'eetop' 'J' @16  2888148665632 (0x000002a073134520)
 - private final 'tid' 'J' @24  3 (0x0000000000000003)
 - 'threadLocalRandomSeed' 'J' @32  0 (0x0000000000000000)
 - injected 'jvmti_thread_state' 'J' @40  2886656162176 (0x000002a01a1d7980)
 - 'threadLocalRandomSecondarySeed' 'I' @48  0 (0x00000000)
 - injected 'jvmti_VTMS_transition_disable_count' 'I' @52  0 (0x00000000)
 - injected 'jfr_epoch' 'S' @56  0 (0x0000)
 - volatile 'interrupted' 'Z' @58  false (0x00)
 - injected 'jvmti_is_in_VTMS_transition' 'Z' @59  false (0x00)
 - private volatile 'name' 'Ljava/lang/String;' @60  "main"{0x0000000713201f28} (0xe26403e5)
 - private volatile 'contextClassLoader' 'Ljava/lang/ClassLoader;' @64  a 'jdk/internal/loader/ClassLoaders$AppClassLoader'{0x00000007132160e0} (0xe2642c1c)
 - private final 'holder' 'Ljava/lang/Thread$FieldHolder;' @68  a 'java/lang/Thread$FieldHolder'{0x0000000713201f68} (0xe26403ed)
 - private 'threadLocals' 'Ljava/lang/ThreadLocal$ThreadLocalMap;' @72  null (0x00000000)
 - private 'inheritableThreadLocals' 'Ljava/lang/ThreadLocal$ThreadLocalMap;' @76  null (0x00000000)
 - private 'scopedValueBindings' 'Ljava/lang/Object;' @80  a 'java/lang/Class'{0x00000007ffe7f210} = 'java/lang/Thread' (0xfffcfe42)
 - final 'interruptLock' 'Ljava/lang/Object;' @84  a 'java/lang/Object'{0x0000000713201f58} (0xe26403eb)
 - private volatile 'parkBlocker' 'Ljava/lang/Object;' @88  null (0x00000000)
 - private 'nioBlocker' 'Lsun/nio/ch/Interruptible;' @92  null (0x00000000)
 - private 'cont' 'Ljdk/internal/vm/Continuation;' @96  null (0x00000000)
 - private volatile 'uncaughtExceptionHandler' 'Ljava/lang/Thread$UncaughtExceptionHandler;' @100  null (0x00000000)
 - private 'container' 'Ljdk/internal/vm/ThreadContainer;' @104  null (0x00000000)
 - private volatile 'headStackableScopes' 'Ljdk/internal/vm/StackableScope;' @108  null (0x00000000)
R10=0x00007fffda3df480 jvm.dll
R11=0x0000000000000002 is an unknown value
R12=0x000000d94abfef50 is pointing into the stack for thread: 0x000002a07fc3bd00
R13=0x000002a019a36bc0 points into unknown readable memory: 0x00007fffda34fc50 | 50 fc 34 da ff 7f 00 00
R14=0x000002a07fc3c148 points into unknown readable memory: 0x00007fffda346ba0 | a0 6b 34 da ff 7f 00 00
R15=0x000002a07fc3c148 points into unknown readable memory: 0x00007fffda346ba0 | a0 6b 34 da ff 7f 00 00

Top of Stack: (sp=0x000000d94abfede0)
0x000000d94abfede0:   000000d94abfef50 000002a01991ea30   P..J....0.......
0x000000d94abfedf0:   0000000000000000 000002a07fc3c4d8   ................
0x000000d94abfee00:   000000000000001f 00007ff801ef2b9b   .........+......
0x000000d94abfee10:   0000000000000000 000002a07fc3c148   ........H.......
0x000000d94abfee20:   000000d94abfef01 0000000000000000   ...J............
0x000000d94abfee30:   000002a01afe0440 00007ff801ef17f4   @...............
0x000000d94abfee40:   0000000000000000 000000000000001f   ................
0x000000d94abfee50:   0000000000000000 000000000000001f   ................
0x000000d94abfee60:   0000000e00000002 000002a0193556d0   .........V5.....
0x000000d94abfee70:   000002a01afe0440 000002a01afe04bc   @...............
0x000000d94abfee80:   000002a01afe04e8 0000000000002dcc   .........-......
0x000000d94abfee90:   0000000000000000 0000000000000000   ................
0x000000d94abfeea0:   0000000000000000 00007fffd9b48434   ........4.......
0x000000d94abfeeb0:   00007ff802034ca0 0000000000007a40   .L......@z......
0x000000d94abfeec0:   00007ff802034ca0 00000000ffffffff   .L..............
0x000000d94abfeed0:   0000000000000000 00007ff801ef206a   ........j ......
0x000000d94abfeee0:   000002a07fc3c148 0000000000000000   H...............
0x000000d94abfeef0:   000000d94abfef59 000002a019a36bc0   Y..J.....k......
0x000000d94abfef00:   000002a01a1d7980 00007fffd9c9e8a6   .y..............
0x000000d94abfef10:   000002a01cf40040 00007ff86d9d7989   @........y.m....
0x000000d94abfef20:   000002a07fc3c148 00007ff802034ca0   H........L......
0x000000d94abfef30:   0000000000000004 0000000000000048   ........H.......
0x000000d94abfef40:   0000000800800310 000002a07fc3c148   ........H.......
0x000000d94abfef50:   000002a01c299440 000002a01c299820   @.)..... .).....
0x000000d94abfef60:   000002a01c299820 00007ff802034ca0    .)......L......
0x000000d94abfef70:   000002a01a1d7980 000000d94abff0e8   .y.........J....
0x000000d94abfef80:   000000d94abff220 0000000000008840    ..J....@.......
0x000000d94abfef90:   000000d94abff400 00007ff802034cf0   ...J.....L......
0x000000d94abfefa0:   0000000000989680 0000000000989680   ................
0x000000d94abfefb0:   000000d94abff0c0 00007ff801eecc21   ...J....!.......
0x000000d94abfefc0:   00007ff802034ca0 00007ff802034cf8   .L.......L......
0x000000d94abfefd0:   00007ff800000000 0000000000000001   ................

Instructions: (pc=0x00007ff801ef26c4)
  0x00007ff801ef25c4:   cc cc cc cc cc cc cc cc cc cc cc cc cc cc cc cc
  0x00007ff801ef25d4:   cc cc cc cc cc cc cc cc cc cc cc cc cc cc cc cc
  0x00007ff801ef25e4:   cc cc cc cc cc cc cc cc cc cc cc cc cc cc cc cc
  0x00007ff801ef25f4:   cc cc cc cc cc cc cc cc cc cc cc cc cc cc cc cc
  0x00007ff801ef2604:   cc cc cc cc cc cc cc cc cc cc cc cc cc cc cc cc
  0x00007ff801ef2614:   cc cc cc cc cc cc cc cc cc cc cc cc cc cc cc cc
  0x00007ff801ef2624:   cc cc cc cc cc cc cc cc cc cc cc cc cc cc cc cc
  0x00007ff801ef2634:   cc cc cc cc cc cc cc cc cc cc cc cc cc cc cc cc
  0x00007ff801ef2644:   cc cc cc cc cc cc cc cc cc cc cc cc 40 57 48 83
  0x00007ff801ef2654:   ec 20 48 8b f9 48 8b 0d 10 28 14 00 48 85 c9 74
  0x00007ff801ef2664:   20 48 8b 01 48 8d 54 24 38 41 b8 06 00 01 00 4c
  0x00007ff801ef2674:   8b 48 30 41 ff d1 85 c0 75 07 48 8b 4c 24 38 eb
  0x00007ff801ef2684:   02 33 c9 4c 8b 05 ea 28 14 00 48 89 5c 24 30 4d
  0x00007ff801ef2694:   85 c0 74 4a 48 8b 01 48 8b d7 4c 8b 88 28 03 00
  0x00007ff801ef26a4:   00 41 ff d1 48 85 c0 74 35 48 63 0d f8 e6 13 00
  0x00007ff801ef26b4:   48 8b 14 01 48 85 d2 74 15 48 63 05 fc e6 13 00
=>0x00007ff801ef26c4:   8b 04 10 48 8b 5c 24 30 48 83 c4 20 5f c3 b8 ff
  0x00007ff801ef26d4:   ff ff ff 48 8b 5c 24 30 48 83 c4 20 5f c3 80 3d
  0x00007ff801ef26e4:   9b 27 14 00 00 bb ff ff ff ff 74 20 4c 8b 0d 31
  0x00007ff801ef26f4:   24 14 00 4c 8d 44 24 38 48 8b 0d 15 24 14 00 48
  0x00007ff801ef2704:   8b d7 41 ff d1 85 c0 0f 44 5c 24 38 8b c3 48 8b
  0x00007ff801ef2714:   5c 24 30 48 83 c4 20 5f c3 cc cc cc cc cc cc cc
  0x00007ff801ef2724:   cc cc cc cc cc cc cc cc cc cc cc cc cc cc cc cc
  0x00007ff801ef2734:   cc cc cc cc cc cc cc cc cc cc cc cc cc cc cc cc
  0x00007ff801ef2744:   cc cc cc cc cc cc cc cc cc cc cc cc 48 89 54 24
  0x00007ff801ef2754:   10 53 55 56 57 41 56 41 57 48 83 ec 28 48 8b f2
  0x00007ff801ef2764:   4c 8b f1 48 89 4c 24 78 45 33 ff 44 89 7c 24 68
  0x00007ff801ef2774:   c7 44 24 60 01 00 00 00 48 8d 4c 24 68 e8 ed 42
  0x00007ff801ef2784:   f7 ff 8b d8 48 8d 4c 24 60 e8 e1 42 f7 ff 8b e8
  0x00007ff801ef2794:   49 8b ce e8 00 fc f6 ff 48 8b f8 90 8b c3 f0 0f
  0x00007ff801ef27a4:   b1 2f 74 04 f3 90 eb f4 4c 89 3e 4c 89 7e 08 4c
  0x00007ff801ef27b4:   89 7e 10 49 8b 6e 08 4d 8b 76 10 49 3b ee 0f 84


Stack slot to memory mapping:

stack at sp + 0 slots: 0x000000d94abfef50 is pointing into the stack for thread: 0x000002a07fc3bd00
stack at sp + 1 slots: 0x000002a01991ea30 points into unknown readable memory: 0x0000000713201eb8 | b8 1e 20 13 07 00 00 00
stack at sp + 2 slots: 0x0 is null
stack at sp + 3 slots: 0x000002a07fc3c4d8 points into unknown readable memory: 0x6e616c2e6176616a | 6a 61 76 61 2e 6c 61 6e
stack at sp + 4 slots: 0x000000000000001f is an unknown value
stack at sp + 5 slots: 0x00007ff801ef2b9b libasyncProfiler.dll
stack at sp + 6 slots: 0x0 is null
stack at sp + 7 slots: 0x000002a07fc3c148 points into unknown readable memory: 0x00007fffda346ba0 | a0 6b 34 da ff 7f 00 00

Lock stack of current Java thread (top to bottom):


---------------  P R O C E S S  ---------------

Threads class SMR info:
_java_thread_list=0x000002a01c274800, length=18, elements={
0x000002a073134520, 0x000002a07fc34a00, 0x000002a07fc36ea0, 0x000002a07fc3aee0,
0x000002a07fc3bd00, 0x000002a07fc401d0, 0x000002a07fc41140, 0x000002a07fc44040,
0x000002a07fc76d30, 0x000002a019182a70, 0x000002a019199e50, 0x000002a0191adaf0,
0x000002a01997afc0, 0x000002a019986c60, 0x000002a0199c41f0, 0x000002a0199d42b0,
0x000002a0196be1f0, 0x000002a01c012030
}

Java Threads: ( => current thread )
  0x000002a073134520 JavaThread "main"                              [_thread_in_native, id=27700, stack(0x000000d94a000000,0x000000d94a100000) (1024K)]
  0x000002a07fc34a00 JavaThread "Reference Handler"          daemon [_thread_blocked, id=32624, stack(0x000000d94a800000,0x000000d94a900000) (1024K)]
  0x000002a07fc36ea0 JavaThread "Finalizer"                  daemon [_thread_blocked, id=10004, stack(0x000000d94a900000,0x000000d94aa00000) (1024K)]
  0x000002a07fc3aee0 JavaThread "Signal Dispatcher"          daemon [_thread_blocked, id=28004, stack(0x000000d94aa00000,0x000000d94ab00000) (1024K)]
=>0x000002a07fc3bd00 JavaThread "Attach Listener"            daemon [_thread_in_native, id=21396, stack(0x000000d94ab00000,0x000000d94ac00000) (1024K)]
  0x000002a07fc401d0 JavaThread "Service Thread"             daemon [_thread_blocked, id=25308, stack(0x000000d94ac00000,0x000000d94ad00000) (1024K)]
  0x000002a07fc41140 JavaThread "Monitor Deflation Thread"   daemon [_thread_blocked, id=16900, stack(0x000000d94ad00000,0x000000d94ae00000) (1024K)]
  0x000002a07fc44040 JavaThread "C2 CompilerThread0"         daemon [_thread_blocked, id=30976, stack(0x000000d94ae00000,0x000000d94af00000) (1024K)]
  0x000002a07fc76d30 JavaThread "C1 CompilerThread0"         daemon [_thread_blocked, id=30552, stack(0x000000d94af00000,0x000000d94b000000) (1024K)]
  0x000002a019182a70 JavaThread "Common-Cleaner"             daemon [_thread_blocked, id=26740, stack(0x000000d94b000000,0x000000d94b100000) (1024K)]
  0x000002a019199e50 JavaThread "Monitor Ctrl-Break"         daemon [_thread_in_native, id=7152, stack(0x000000d94b100000,0x000000d94b200000) (1024K)]
  0x000002a0191adaf0 JavaThread "Notification Thread"        daemon [_thread_blocked, id=28796, stack(0x000000d94b200000,0x000000d94b300000) (1024K)]
  0x000002a01997afc0 JavaThread "RMI TCP Accept-0"           daemon [_thread_in_native, id=11100, stack(0x000000d94b500000,0x000000d94b600000) (1024K)]
  0x000002a019986c60 JavaThread "RMI TCP Connection(1)-172.22.0.1" daemon [_thread_in_native, id=22020, stack(0x000000d94b600000,0x000000d94b700000) (1024K)]
  0x000002a0199c41f0 JavaThread "RMI Scheduler(0)"           daemon [_thread_blocked, id=24760, stack(0x000000d94b700000,0x000000d94b800000) (1024K)]
  0x000002a0199d42b0 JavaThread "JMX server connection timeout 31" daemon [_thread_blocked, id=10344, stack(0x000000d94b800000,0x000000d94b900000) (1024K)]
  0x000002a0196be1f0 JavaThread "JFR Recorder Thread"        daemon [_thread_in_native, id=25924, stack(0x000000d94b300000,0x000000d94b400000) (1024K)]
  0x000002a01c012030 JavaThread "JFR Periodic Tasks"         daemon [_thread_blocked, id=11724, stack(0x000000d94ba00000,0x000000d94bb00000) (1024K)]
Total: 18

Other Threads:
  0x000002a07fc22660 VMThread "VM Thread"                           [id=18836, stack(0x000000d94a700000,0x000000d94a800000) (1024K)]
  0x000002a07fc11470 WatcherThread "VM Periodic Task Thread"        [id=30184, stack(0x000000d94a600000,0x000000d94a700000) (1024K)]
  0x000002a075563ec0 WorkerThread "GC Thread#0"                     [id=2672, stack(0x000000d94a100000,0x000000d94a200000) (1024K)]
  0x000002a07557ea80 ConcurrentGCThread "G1 Main Marker"            [id=20824, stack(0x000000d94a200000,0x000000d94a300000) (1024K)]
  0x000002a07557f620 WorkerThread "G1 Conc#0"                       [id=22572, stack(0x000000d94a300000,0x000000d94a400000) (1024K)]
  0x000002a0755be6a0 ConcurrentGCThread "G1 Refine#0"               [id=352, stack(0x000000d94a400000,0x000000d94a500000) (1024K)]
  0x000002a07fadd2a0 ConcurrentGCThread "G1 Service"                [id=11916, stack(0x000000d94a500000,0x000000d94a600000) (1024K)]
Total: 7

Threads with active compile tasks:
Total: 0

VM state: not at safepoint (normal execution)

VM Mutex/Monitor currently owned by a thread: None

Heap address: 0x0000000703600000, size: 4042 MB, Compressed Oops mode: Zero based, Oop shift amount: 3

CDS archive(s) mapped at: [0x0000000034000000-0x0000000034dd0000-0x0000000034dd0000), size 14483456, SharedBaseAddress: 0x0000000034000000, ArchiveRelocationMode: 1.
Compressed class space mapped at: 0x0000000035000000-0x0000000075000000, reserved size: 1073741824
UseCompressedClassPointers 1, UseCompactObjectHeaders 0
Narrow klass pointer bits 32, Max shift 3
Narrow klass base: 0x0000000034000000, Narrow klass shift: 0
Encoding Range: [0x0000000034000000 - 0x0000000134000000), (4294967296 bytes)
Klass Range:    [0x0000000034010000 - 0x0000000075000000), (1090453504 bytes)
Klass ID Range:  [65536 - 1090519033) (1090453497)
Protection zone: [0x0000000034000000 - 0x0000000034010000), (65536 bytes)

GC Precious Log:
 CardTable entry size: 512
 Card Set container configuration: InlinePtr #cards 4 size 8 Array Of Cards #cards 16 size 48 Howl #buckets 8 coarsen threshold 3686 Howl Bitmap #cards 512 size 80 coarsen threshold 460 Card regions per heap region 1 cards per card region 4096
 CPUs: 8 total, 8 available
 Memory: 16160M
 Large Page Support: Disabled
 NUMA Support: Disabled
 Compressed Oops: Enabled (Zero based)
 Heap Region Size: 2M
 Heap Min Capacity: 8M
 Heap Initial Capacity: 254M
 Heap Max Capacity: 4042M
 Pre-touch: Disabled
 Parallel Workers: 8
 Concurrent Workers: 2
 Concurrent Refinement Workers: 8
 Periodic GC: Disabled

Heap:
 garbage-first heap   total reserved 4139008K, committed 262144K, used 29843K [0x0000000703600000, 0x0000000800000000)
  region size 2048K, 15 young (30720K), 0 survivors (0K)

Heap Regions: E=young(eden), S=young(survivor), O=old, HS=humongous(starts), HC=humongous(continues), CS=collection set, F=free, TAMS=top-at-mark-start, PB=parsable bottom
|   0|0x0000000703600000, 0x0000000703600000, 0x0000000703800000|  0%| F|  |TAMS 0x0000000703600000| PB 0x0000000703600000| Untracked |  0
|   1|0x0000000703800000, 0x0000000703800000, 0x0000000703a00000|  0%| F|  |TAMS 0x0000000703800000| PB 0x0000000703800000| Untracked |  0
|   2|0x0000000703a00000, 0x0000000703a00000, 0x0000000703c00000|  0%| F|  |TAMS 0x0000000703a00000| PB 0x0000000703a00000| Untracked |  0
|   3|0x0000000703c00000, 0x0000000703c00000, 0x0000000703e00000|  0%| F|  |TAMS 0x0000000703c00000| PB 0x0000000703c00000| Untracked |  0
|   4|0x0000000703e00000, 0x0000000703e00000, 0x0000000704000000|  0%| F|  |TAMS 0x0000000703e00000| PB 0x0000000703e00000| Untracked |  0
|   5|0x0000000704000000, 0x0000000704000000, 0x0000000704200000|  0%| F|  |TAMS 0x0000000704000000| PB 0x0000000704000000| Untracked |  0
|   6|0x0000000704200000, 0x0000000704200000, 0x0000000704400000|  0%| F|  |TAMS 0x0000000704200000| PB 0x0000000704200000| Untracked |  0
|   7|0x0000000704400000, 0x0000000704400000, 0x0000000704600000|  0%| F|  |TAMS 0x0000000704400000| PB 0x0000000704400000| Untracked |  0
|   8|0x0000000704600000, 0x0000000704600000, 0x0000000704800000|  0%| F|  |TAMS 0x0000000704600000| PB 0x0000000704600000| Untracked |  0
|   9|0x0000000704800000, 0x0000000704800000, 0x0000000704a00000|  0%| F|  |TAMS 0x0000000704800000| PB 0x0000000704800000| Untracked |  0
|  10|0x0000000704a00000, 0x0000000704a00000, 0x0000000704c00000|  0%| F|  |TAMS 0x0000000704a00000| PB 0x0000000704a00000| Untracked |  0
|  11|0x0000000704c00000, 0x0000000704c00000, 0x0000000704e00000|  0%| F|  |TAMS 0x0000000704c00000| PB 0x0000000704c00000| Untracked |  0
|  12|0x0000000704e00000, 0x0000000704e00000, 0x0000000705000000|  0%| F|  |TAMS 0x0000000704e00000| PB 0x0000000704e00000| Untracked |  0
|  13|0x0000000705000000, 0x0000000705000000, 0x0000000705200000|  0%| F|  |TAMS 0x0000000705000000| PB 0x0000000705000000| Untracked |  0
|  14|0x0000000705200000, 0x0000000705200000, 0x0000000705400000|  0%| F|  |TAMS 0x0000000705200000| PB 0x0000000705200000| Untracked |  0
|  15|0x0000000705400000, 0x0000000705400000, 0x0000000705600000|  0%| F|  |TAMS 0x0000000705400000| PB 0x0000000705400000| Untracked |  0
|  16|0x0000000705600000, 0x0000000705600000, 0x0000000705800000|  0%| F|  |TAMS 0x0000000705600000| PB 0x0000000705600000| Untracked |  0
|  17|0x0000000705800000, 0x0000000705800000, 0x0000000705a00000|  0%| F|  |TAMS 0x0000000705800000| PB 0x0000000705800000| Untracked |  0
|  18|0x0000000705a00000, 0x0000000705a00000, 0x0000000705c00000|  0%| F|  |TAMS 0x0000000705a00000| PB 0x0000000705a00000| Untracked |  0
|  19|0x0000000705c00000, 0x0000000705c00000, 0x0000000705e00000|  0%| F|  |TAMS 0x0000000705c00000| PB 0x0000000705c00000| Untracked |  0
|  20|0x0000000705e00000, 0x0000000705e00000, 0x0000000706000000|  0%| F|  |TAMS 0x0000000705e00000| PB 0x0000000705e00000| Untracked |  0
|  21|0x0000000706000000, 0x0000000706000000, 0x0000000706200000|  0%| F|  |TAMS 0x0000000706000000| PB 0x0000000706000000| Untracked |  0
|  22|0x0000000706200000, 0x0000000706200000, 0x0000000706400000|  0%| F|  |TAMS 0x0000000706200000| PB 0x0000000706200000| Untracked |  0
|  23|0x0000000706400000, 0x0000000706400000, 0x0000000706600000|  0%| F|  |TAMS 0x0000000706400000| PB 0x0000000706400000| Untracked |  0
|  24|0x0000000706600000, 0x0000000706600000, 0x0000000706800000|  0%| F|  |TAMS 0x0000000706600000| PB 0x0000000706600000| Untracked |  0
|  25|0x0000000706800000, 0x0000000706800000, 0x0000000706a00000|  0%| F|  |TAMS 0x0000000706800000| PB 0x0000000706800000| Untracked |  0
|  26|0x0000000706a00000, 0x0000000706a00000, 0x0000000706c00000|  0%| F|  |TAMS 0x0000000706a00000| PB 0x0000000706a00000| Untracked |  0
|  27|0x0000000706c00000, 0x0000000706c00000, 0x0000000706e00000|  0%| F|  |TAMS 0x0000000706c00000| PB 0x0000000706c00000| Untracked |  0
|  28|0x0000000706e00000, 0x0000000706e00000, 0x0000000707000000|  0%| F|  |TAMS 0x0000000706e00000| PB 0x0000000706e00000| Untracked |  0
|  29|0x0000000707000000, 0x0000000707000000, 0x0000000707200000|  0%| F|  |TAMS 0x0000000707000000| PB 0x0000000707000000| Untracked |  0
|  30|0x0000000707200000, 0x0000000707200000, 0x0000000707400000|  0%| F|  |TAMS 0x0000000707200000| PB 0x0000000707200000| Untracked |  0
|  31|0x0000000707400000, 0x0000000707400000, 0x0000000707600000|  0%| F|  |TAMS 0x0000000707400000| PB 0x0000000707400000| Untracked |  0
|  32|0x0000000707600000, 0x0000000707600000, 0x0000000707800000|  0%| F|  |TAMS 0x0000000707600000| PB 0x0000000707600000| Untracked |  0
|  33|0x0000000707800000, 0x0000000707800000, 0x0000000707a00000|  0%| F|  |TAMS 0x0000000707800000| PB 0x0000000707800000| Untracked |  0
|  34|0x0000000707a00000, 0x0000000707a00000, 0x0000000707c00000|  0%| F|  |TAMS 0x0000000707a00000| PB 0x0000000707a00000| Untracked |  0
|  35|0x0000000707c00000, 0x0000000707c00000, 0x0000000707e00000|  0%| F|  |TAMS 0x0000000707c00000| PB 0x0000000707c00000| Untracked |  0
|  36|0x0000000707e00000, 0x0000000707e00000, 0x0000000708000000|  0%| F|  |TAMS 0x0000000707e00000| PB 0x0000000707e00000| Untracked |  0
|  37|0x0000000708000000, 0x0000000708000000, 0x0000000708200000|  0%| F|  |TAMS 0x0000000708000000| PB 0x0000000708000000| Untracked |  0
|  38|0x0000000708200000, 0x0000000708200000, 0x0000000708400000|  0%| F|  |TAMS 0x0000000708200000| PB 0x0000000708200000| Untracked |  0
|  39|0x0000000708400000, 0x0000000708400000, 0x0000000708600000|  0%| F|  |TAMS 0x0000000708400000| PB 0x0000000708400000| Untracked |  0
|  40|0x0000000708600000, 0x0000000708600000, 0x0000000708800000|  0%| F|  |TAMS 0x0000000708600000| PB 0x0000000708600000| Untracked |  0
|  41|0x0000000708800000, 0x0000000708800000, 0x0000000708a00000|  0%| F|  |TAMS 0x0000000708800000| PB 0x0000000708800000| Untracked |  0
|  42|0x0000000708a00000, 0x0000000708a00000, 0x0000000708c00000|  0%| F|  |TAMS 0x0000000708a00000| PB 0x0000000708a00000| Untracked |  0
|  43|0x0000000708c00000, 0x0000000708c00000, 0x0000000708e00000|  0%| F|  |TAMS 0x0000000708c00000| PB 0x0000000708c00000| Untracked |  0
|  44|0x0000000708e00000, 0x0000000708e00000, 0x0000000709000000|  0%| F|  |TAMS 0x0000000708e00000| PB 0x0000000708e00000| Untracked |  0
|  45|0x0000000709000000, 0x0000000709000000, 0x0000000709200000|  0%| F|  |TAMS 0x0000000709000000| PB 0x0000000709000000| Untracked |  0
|  46|0x0000000709200000, 0x0000000709200000, 0x0000000709400000|  0%| F|  |TAMS 0x0000000709200000| PB 0x0000000709200000| Untracked |  0
|  47|0x0000000709400000, 0x0000000709400000, 0x0000000709600000|  0%| F|  |TAMS 0x0000000709400000| PB 0x0000000709400000| Untracked |  0
|  48|0x0000000709600000, 0x0000000709600000, 0x0000000709800000|  0%| F|  |TAMS 0x0000000709600000| PB 0x0000000709600000| Untracked |  0
|  49|0x0000000709800000, 0x0000000709800000, 0x0000000709a00000|  0%| F|  |TAMS 0x0000000709800000| PB 0x0000000709800000| Untracked |  0
|  50|0x0000000709a00000, 0x0000000709a00000, 0x0000000709c00000|  0%| F|  |TAMS 0x0000000709a00000| PB 0x0000000709a00000| Untracked |  0
|  51|0x0000000709c00000, 0x0000000709c00000, 0x0000000709e00000|  0%| F|  |TAMS 0x0000000709c00000| PB 0x0000000709c00000| Untracked |  0
|  52|0x0000000709e00000, 0x0000000709e00000, 0x000000070a000000|  0%| F|  |TAMS 0x0000000709e00000| PB 0x0000000709e00000| Untracked |  0
|  53|0x000000070a000000, 0x000000070a000000, 0x000000070a200000|  0%| F|  |TAMS 0x000000070a000000| PB 0x000000070a000000| Untracked |  0
|  54|0x000000070a200000, 0x000000070a200000, 0x000000070a400000|  0%| F|  |TAMS 0x000000070a200000| PB 0x000000070a200000| Untracked |  0
|  55|0x000000070a400000, 0x000000070a400000, 0x000000070a600000|  0%| F|  |TAMS 0x000000070a400000| PB 0x000000070a400000| Untracked |  0
|  56|0x000000070a600000, 0x000000070a600000, 0x000000070a800000|  0%| F|  |TAMS 0x000000070a600000| PB 0x000000070a600000| Untracked |  0
|  57|0x000000070a800000, 0x000000070a800000, 0x000000070aa00000|  0%| F|  |TAMS 0x000000070a800000| PB 0x000000070a800000| Untracked |  0
|  58|0x000000070aa00000, 0x000000070aa00000, 0x000000070ac00000|  0%| F|  |TAMS 0x000000070aa00000| PB 0x000000070aa00000| Untracked |  0
|  59|0x000000070ac00000, 0x000000070ac00000, 0x000000070ae00000|  0%| F|  |TAMS 0x000000070ac00000| PB 0x000000070ac00000| Untracked |  0
|  60|0x000000070ae00000, 0x000000070ae00000, 0x000000070b000000|  0%| F|  |TAMS 0x000000070ae00000| PB 0x000000070ae00000| Untracked |  0
|  61|0x000000070b000000, 0x000000070b000000, 0x000000070b200000|  0%| F|  |TAMS 0x000000070b000000| PB 0x000000070b000000| Untracked |  0
|  62|0x000000070b200000, 0x000000070b200000, 0x000000070b400000|  0%| F|  |TAMS 0x000000070b200000| PB 0x000000070b200000| Untracked |  0
|  63|0x000000070b400000, 0x000000070b400000, 0x000000070b600000|  0%| F|  |TAMS 0x000000070b400000| PB 0x000000070b400000| Untracked |  0
|  64|0x000000070b600000, 0x000000070b600000, 0x000000070b800000|  0%| F|  |TAMS 0x000000070b600000| PB 0x000000070b600000| Untracked |  0
|  65|0x000000070b800000, 0x000000070b800000, 0x000000070ba00000|  0%| F|  |TAMS 0x000000070b800000| PB 0x000000070b800000| Untracked |  0
|  66|0x000000070ba00000, 0x000000070ba00000, 0x000000070bc00000|  0%| F|  |TAMS 0x000000070ba00000| PB 0x000000070ba00000| Untracked |  0
|  67|0x000000070bc00000, 0x000000070bc00000, 0x000000070be00000|  0%| F|  |TAMS 0x000000070bc00000| PB 0x000000070bc00000| Untracked |  0
|  68|0x000000070be00000, 0x000000070be00000, 0x000000070c000000|  0%| F|  |TAMS 0x000000070be00000| PB 0x000000070be00000| Untracked |  0
|  69|0x000000070c000000, 0x000000070c000000, 0x000000070c200000|  0%| F|  |TAMS 0x000000070c000000| PB 0x000000070c000000| Untracked |  0
|  70|0x000000070c200000, 0x000000070c200000, 0x000000070c400000|  0%| F|  |TAMS 0x000000070c200000| PB 0x000000070c200000| Untracked |  0
|  71|0x000000070c400000, 0x000000070c400000, 0x000000070c600000|  0%| F|  |TAMS 0x000000070c400000| PB 0x000000070c400000| Untracked |  0
|  72|0x000000070c600000, 0x000000070c600000, 0x000000070c800000|  0%| F|  |TAMS 0x000000070c600000| PB 0x000000070c600000| Untracked |  0
|  73|0x000000070c800000, 0x000000070c800000, 0x000000070ca00000|  0%| F|  |TAMS 0x000000070c800000| PB 0x000000070c800000| Untracked |  0
|  74|0x000000070ca00000, 0x000000070ca00000, 0x000000070cc00000|  0%| F|  |TAMS 0x000000070ca00000| PB 0x000000070ca00000| Untracked |  0
|  75|0x000000070cc00000, 0x000000070cc00000, 0x000000070ce00000|  0%| F|  |TAMS 0x000000070cc00000| PB 0x000000070cc00000| Untracked |  0
|  76|0x000000070ce00000, 0x000000070ce00000, 0x000000070d000000|  0%| F|  |TAMS 0x000000070ce00000| PB 0x000000070ce00000| Untracked |  0
|  77|0x000000070d000000, 0x000000070d000000, 0x000000070d200000|  0%| F|  |TAMS 0x000000070d000000| PB 0x000000070d000000| Untracked |  0
|  78|0x000000070d200000, 0x000000070d200000, 0x000000070d400000|  0%| F|  |TAMS 0x000000070d200000| PB 0x000000070d200000| Untracked |  0
|  79|0x000000070d400000, 0x000000070d400000, 0x000000070d600000|  0%| F|  |TAMS 0x000000070d400000| PB 0x000000070d400000| Untracked |  0
|  80|0x000000070d600000, 0x000000070d600000, 0x000000070d800000|  0%| F|  |TAMS 0x000000070d600000| PB 0x000000070d600000| Untracked |  0
|  81|0x000000070d800000, 0x000000070d800000, 0x000000070da00000|  0%| F|  |TAMS 0x000000070d800000| PB 0x000000070d800000| Untracked |  0
|  82|0x000000070da00000, 0x000000070da00000, 0x000000070dc00000|  0%| F|  |TAMS 0x000000070da00000| PB 0x000000070da00000| Untracked |  0
|  83|0x000000070dc00000, 0x000000070dc00000, 0x000000070de00000|  0%| F|  |TAMS 0x000000070dc00000| PB 0x000000070dc00000| Untracked |  0
|  84|0x000000070de00000, 0x000000070de00000, 0x000000070e000000|  0%| F|  |TAMS 0x000000070de00000| PB 0x000000070de00000| Untracked |  0
|  85|0x000000070e000000, 0x000000070e000000, 0x000000070e200000|  0%| F|  |TAMS 0x000000070e000000| PB 0x000000070e000000| Untracked |  0
|  86|0x000000070e200000, 0x000000070e200000, 0x000000070e400000|  0%| F|  |TAMS 0x000000070e200000| PB 0x000000070e200000| Untracked |  0
|  87|0x000000070e400000, 0x000000070e400000, 0x000000070e600000|  0%| F|  |TAMS 0x000000070e400000| PB 0x000000070e400000| Untracked |  0
|  88|0x000000070e600000, 0x000000070e600000, 0x000000070e800000|  0%| F|  |TAMS 0x000000070e600000| PB 0x000000070e600000| Untracked |  0
|  89|0x000000070e800000, 0x000000070e800000, 0x000000070ea00000|  0%| F|  |TAMS 0x000000070e800000| PB 0x000000070e800000| Untracked |  0
|  90|0x000000070ea00000, 0x000000070ea00000, 0x000000070ec00000|  0%| F|  |TAMS 0x000000070ea00000| PB 0x000000070ea00000| Untracked |  0
|  91|0x000000070ec00000, 0x000000070ec00000, 0x000000070ee00000|  0%| F|  |TAMS 0x000000070ec00000| PB 0x000000070ec00000| Untracked |  0
|  92|0x000000070ee00000, 0x000000070ee00000, 0x000000070f000000|  0%| F|  |TAMS 0x000000070ee00000| PB 0x000000070ee00000| Untracked |  0
|  93|0x000000070f000000, 0x000000070f000000, 0x000000070f200000|  0%| F|  |TAMS 0x000000070f000000| PB 0x000000070f000000| Untracked |  0
|  94|0x000000070f200000, 0x000000070f200000, 0x000000070f400000|  0%| F|  |TAMS 0x000000070f200000| PB 0x000000070f200000| Untracked |  0
|  95|0x000000070f400000, 0x000000070f400000, 0x000000070f600000|  0%| F|  |TAMS 0x000000070f400000| PB 0x000000070f400000| Untracked |  0
|  96|0x000000070f600000, 0x000000070f600000, 0x000000070f800000|  0%| F|  |TAMS 0x000000070f600000| PB 0x000000070f600000| Untracked |  0
|  97|0x000000070f800000, 0x000000070f800000, 0x000000070fa00000|  0%| F|  |TAMS 0x000000070f800000| PB 0x000000070f800000| Untracked |  0
|  98|0x000000070fa00000, 0x000000070fa00000, 0x000000070fc00000|  0%| F|  |TAMS 0x000000070fa00000| PB 0x000000070fa00000| Untracked |  0
|  99|0x000000070fc00000, 0x000000070fc00000, 0x000000070fe00000|  0%| F|  |TAMS 0x000000070fc00000| PB 0x000000070fc00000| Untracked |  0
| 100|0x000000070fe00000, 0x000000070fe00000, 0x0000000710000000|  0%| F|  |TAMS 0x000000070fe00000| PB 0x000000070fe00000| Untracked |  0
| 101|0x0000000710000000, 0x0000000710000000, 0x0000000710200000|  0%| F|  |TAMS 0x0000000710000000| PB 0x0000000710000000| Untracked |  0
| 102|0x0000000710200000, 0x0000000710200000, 0x0000000710400000|  0%| F|  |TAMS 0x0000000710200000| PB 0x0000000710200000| Untracked |  0
| 103|0x0000000710400000, 0x0000000710400000, 0x0000000710600000|  0%| F|  |TAMS 0x0000000710400000| PB 0x0000000710400000| Untracked |  0
| 104|0x0000000710600000, 0x0000000710600000, 0x0000000710800000|  0%| F|  |TAMS 0x0000000710600000| PB 0x0000000710600000| Untracked |  0
| 105|0x0000000710800000, 0x0000000710800000, 0x0000000710a00000|  0%| F|  |TAMS 0x0000000710800000| PB 0x0000000710800000| Untracked |  0
| 106|0x0000000710a00000, 0x0000000710a00000, 0x0000000710c00000|  0%| F|  |TAMS 0x0000000710a00000| PB 0x0000000710a00000| Untracked |  0
| 107|0x0000000710c00000, 0x0000000710c00000, 0x0000000710e00000|  0%| F|  |TAMS 0x0000000710c00000| PB 0x0000000710c00000| Untracked |  0
| 108|0x0000000710e00000, 0x0000000710e00000, 0x0000000711000000|  0%| F|  |TAMS 0x0000000710e00000| PB 0x0000000710e00000| Untracked |  0
| 109|0x0000000711000000, 0x0000000711000000, 0x0000000711200000|  0%| F|  |TAMS 0x0000000711000000| PB 0x0000000711000000| Untracked |  0
| 110|0x0000000711200000, 0x0000000711200000, 0x0000000711400000|  0%| F|  |TAMS 0x0000000711200000| PB 0x0000000711200000| Untracked |  0
| 111|0x0000000711400000, 0x0000000711400000, 0x0000000711600000|  0%| F|  |TAMS 0x0000000711400000| PB 0x0000000711400000| Untracked |  0
| 112|0x0000000711600000, 0x0000000711800000, 0x0000000711800000|100%| E|  |TAMS 0x0000000711600000| PB 0x0000000711600000| Complete |  0
| 113|0x0000000711800000, 0x0000000711a00000, 0x0000000711a00000|100%| E|CS|TAMS 0x0000000711800000| PB 0x0000000711800000| Complete |  0
| 114|0x0000000711a00000, 0x0000000711c00000, 0x0000000711c00000|100%| E|CS|TAMS 0x0000000711a00000| PB 0x0000000711a00000| Complete |  0
| 115|0x0000000711c00000, 0x0000000711e00000, 0x0000000711e00000|100%| E|CS|TAMS 0x0000000711c00000| PB 0x0000000711c00000| Complete |  0
| 116|0x0000000711e00000, 0x0000000712000000, 0x0000000712000000|100%| E|CS|TAMS 0x0000000711e00000| PB 0x0000000711e00000| Complete |  0
| 117|0x0000000712000000, 0x0000000712200000, 0x0000000712200000|100%| E|CS|TAMS 0x0000000712000000| PB 0x0000000712000000| Complete |  0
| 118|0x0000000712200000, 0x0000000712400000, 0x0000000712400000|100%| E|CS|TAMS 0x0000000712200000| PB 0x0000000712200000| Complete |  0
| 119|0x0000000712400000, 0x0000000712600000, 0x0000000712600000|100%| E|CS|TAMS 0x0000000712400000| PB 0x0000000712400000| Complete |  0
| 120|0x0000000712600000, 0x0000000712800000, 0x0000000712800000|100%| E|CS|TAMS 0x0000000712600000| PB 0x0000000712600000| Complete |  0
| 121|0x0000000712800000, 0x0000000712a00000, 0x0000000712a00000|100%| E|CS|TAMS 0x0000000712800000| PB 0x0000000712800000| Complete |  0
| 122|0x0000000712a00000, 0x0000000712c00000, 0x0000000712c00000|100%| E|CS|TAMS 0x0000000712a00000| PB 0x0000000712a00000| Complete |  0
| 123|0x0000000712c00000, 0x0000000712e00000, 0x0000000712e00000|100%| E|CS|TAMS 0x0000000712c00000| PB 0x0000000712c00000| Complete |  0
| 124|0x0000000712e00000, 0x0000000713000000, 0x0000000713000000|100%| E|CS|TAMS 0x0000000712e00000| PB 0x0000000712e00000| Complete |  0
| 125|0x0000000713000000, 0x0000000713200000, 0x0000000713200000|100%| E|CS|TAMS 0x0000000713000000| PB 0x0000000713000000| Complete |  0
| 126|0x0000000713200000, 0x0000000713400000, 0x0000000713400000|100%| E|CS|TAMS 0x0000000713200000| PB 0x0000000713200000| Complete |  0
|2020|0x00000007ffe00000, 0x00000007fff24ea8, 0x0000000800000000| 57%| O|  |TAMS 0x00000007ffe00000| PB 0x00000007ffe00000| Untracked |  0

Card table byte_map: [0x000002a07e9c0000,0x000002a07f1b0000] _byte_map_base: 0x000002a07b1a5000

Marking Bits: (CMBitMap*) 0x000002a075566660
 Bits: [0x000002a00f000000, 0x000002a012f28000)

Polling page: 0x000002a0733c0000

Metaspace:
Metaspace        used 7595K, committed 7808K, reserved 1114112K
 class space     used 820K, committed 896K, reserved 1048576K

Usage:
  Non-class:      6.62 MB used.
      Class:    820.88 KB used.
       Both:      7.42 MB used.

Virtual space:
  Non-class space:       64.00 MB reserved,       6.75 MB ( 11%) committed,  1 nodes.
      Class space:        1.00 GB reserved,     896.00 KB ( <1%) committed,  1 nodes.
             Both:        1.06 GB reserved,       7.62 MB ( <1%) committed. 

Chunk freelists:
   Non-Class:  8.99 MB
       Class:  15.07 MB
        Both:  24.06 MB

MaxMetaspaceSize: unlimited
CompressedClassSpaceSize: 1.00 GB
Initial GC threshold: 21.00 MB
Current GC threshold: 21.00 MB
CDS: on
 - commit_granule_bytes: 65536.
 - commit_granule_words: 8192.
 - virtual_space_node_default_size: 8388608.
 - enlarge_chunks_in_place: 1.
UseCompressedClassPointers 1, UseCompactObjectHeaders 0
Narrow klass pointer bits 32, Max shift 3
Narrow klass base: 0x0000000034000000, Narrow klass shift: 0
Encoding Range: [0x0000000034000000 - 0x0000000134000000), (4294967296 bytes)
Klass Range:    [0x0000000034010000 - 0x0000000075000000), (1090453504 bytes)
Klass ID Range:  [65536 - 1090519033) (1090453497)
Protection zone: [0x0000000034000000 - 0x0000000034010000), (65536 bytes)


Internal statistics:

num_allocs_failed_limit: 0.
num_arena_births: 160.
num_arena_deaths: 0.
num_vsnodes_births: 2.
num_vsnodes_deaths: 0.
num_space_committed: 122.
num_space_uncommitted: 0.
num_chunks_returned_to_freelist: 0.
num_chunks_taken_from_freelist: 214.
num_chunk_merges: 0.
num_chunk_splits: 125.
num_chunks_enlarged: 47.
num_inconsistent_stats: 0.

CodeHeap 'non-profiled nmethods': size=120064Kb used=562Kb max_used=562Kb free=119501Kb
 bounds [0x000002a007ac0000, 0x000002a007d30000, 0x000002a00f000000]
CodeHeap 'profiled nmethods': size=120000Kb used=2389Kb max_used=2389Kb free=117610Kb
 bounds [0x000002a000000000, 0x000002a000270000, 0x000002a007530000]
CodeHeap 'non-nmethods': size=5696Kb used=1399Kb max_used=1442Kb free=4296Kb
 bounds [0x000002a007530000, 0x000002a0077a0000, 0x000002a007ac0000]
CodeCache: size=245760Kb, used=4350Kb, max_used=4393Kb, free=241407Kb
 total_blobs=2343, nmethods=1818, adapters=428, full_count=0
Compilation: enabled, stopped_count=0, restarted_count=0

Compilation events (20 events):
Event: 7.637 Thread 0x000002a07fc76d30 nmethod 1801 0x000002a00024fd08 code [0x000002a00024fe00, 0x000002a000250120]
Event: 7.637 Thread 0x000002a07fc76d30 1802       3       jdk.jfr.internal.Logger::shouldLog (17 bytes)
Event: 7.637 Thread 0x000002a07fc76d30 nmethod 1802 0x000002a000250188 code [0x000002a000250280, 0x000002a0002503c8]
Event: 7.638 Thread 0x000002a07fc76d30 1804       1       jdk.jfr.internal.PlatformEventType::isEnabled (5 bytes)
Event: 7.638 Thread 0x000002a07fc76d30 nmethod 1804 0x000002a007b4b188 code [0x000002a007b4b280, 0x000002a007b4b348]
Event: 7.638 Thread 0x000002a07fc76d30 1805       1       jdk.jfr.internal.EventControl::getEventType (5 bytes)
Event: 7.638 Thread 0x000002a07fc76d30 nmethod 1805 0x000002a007b4b488 code [0x000002a007b4b580, 0x000002a007b4b648]
Event: 7.638 Thread 0x000002a07fc76d30 1806       1       jdk.jfr.internal.EventControl::getSettingsId (5 bytes)
Event: 7.638 Thread 0x000002a07fc76d30 nmethod 1806 0x000002a007b4b788 code [0x000002a007b4b880, 0x000002a007b4b948]
Event: 7.638 Thread 0x000002a07fc76d30 1807       1       jdk.jfr.internal.EventControl::getNamedControls (5 bytes)
Event: 7.638 Thread 0x000002a07fc76d30 nmethod 1807 0x000002a007b4ba88 code [0x000002a007b4bb80, 0x000002a007b4bc48]
Event: 7.638 Thread 0x000002a07fc76d30 1808   !   3       jdk.jfr.internal.Control::setValue (69 bytes)
Event: 7.639 Thread 0x000002a07fc76d30 nmethod 1808 0x000002a000250488 code [0x000002a000250580, 0x000002a000251410]
Event: 7.639 Thread 0x000002a07fc76d30 1809       3       jdk.jfr.internal.SettingsManager$InternalSetting::getValues (35 bytes)
Event: 7.639 Thread 0x000002a07fc76d30 nmethod 1809 0x000002a000251488 code [0x000002a000251580, 0x000002a000251a38]
Event: 7.645 Thread 0x000002a019a502f0 nmethod 1793 0x000002a007b4bd88 code [0x000002a007b4be80, 0x000002a007b4c468]
Event: 7.646 Thread 0x000002a07fc76d30 1810       1       jdk.jfr.internal.periodic.EventTask::getEventType (5 bytes)
Event: 7.647 Thread 0x000002a07fc76d30 nmethod 1810 0x000002a007b4c488 code [0x000002a007b4c580, 0x000002a007b4c648]
Event: 7.647 Thread 0x000002a07fc76d30 1811       1       jdk.jfr.internal.periodic.PeriodicTask::getPeriod (5 bytes)
Event: 7.647 Thread 0x000002a07fc76d30 nmethod 1811 0x000002a007b4c788 code [0x000002a007b4c880, 0x000002a007b4c948]

GC Heap Usage History (0 events):
No events

Metaspace Usage History (0 events):
No events

Dll operation events (11 events):
Event: 0.104 Loaded shared library C:\Users\Fernando\.jdks\openjdk-25.0.2\bin\java.dll
Event: 0.263 Loaded shared library C:\Users\Fernando\.jdks\openjdk-25.0.2\bin\zip.dll
Event: 0.268 Loaded shared library C:\Users\Fernando\.jdks\openjdk-25.0.2\bin\instrument.dll
Event: 0.280 Loaded shared library C:\Users\Fernando\.jdks\openjdk-25.0.2\bin\net.dll
Event: 0.284 Loaded shared library C:\Users\Fernando\.jdks\openjdk-25.0.2\bin\nio.dll
Event: 0.292 Loaded shared library C:\Users\Fernando\.jdks\openjdk-25.0.2\bin\zip.dll
Event: 0.369 Loaded shared library C:\Users\Fernando\.jdks\openjdk-25.0.2\bin\jimage.dll
Event: 0.373 Loaded shared library C:\Users\Fernando\.jdks\openjdk-25.0.2\bin\extnet.dll
Event: 0.436 Loaded shared library C:\Users\Fernando\.jdks\openjdk-25.0.2\bin\management.dll
Event: 0.455 Loaded shared library C:\Users\Fernando\.jdks\openjdk-25.0.2\bin\management_ext.dll
Event: 7.308 Loaded shared library C:\Users\Fernando\AppData\Local\Temp\idea_libasyncProfiler_dll_temp_folder\libasyncProfiler.dll

Deoptimization events (20 events):
Event: 7.478 Thread 0x000002a07fc3bd00 Uncommon trap: trap_request=0xffffffde fr.pc=0x000002a007b2c570 relative=0x0000000000000070
Event: 7.478 Thread 0x000002a07fc3bd00 Uncommon trap: reason=class_check action=maybe_recompile pc=0x000002a007b2c570 method=jdk.jfr.EventSettings$InternalAccess.getType(Ljava/lang/Object;)Ljdk/jfr/internal/Type; @ 18 c2
Event: 7.478 Thread 0x000002a07fc3bd00 DEOPT PACKING pc=0x000002a007b2c570 sp=0x000000d94abfe640
Event: 7.478 Thread 0x000002a07fc3bd00 DEOPT UNPACKING pc=0x000002a0075ba282 sp=0x000000d94abfe5d8 mode 2
Event: 7.491 Thread 0x000002a07fc3bd00 Uncommon trap: trap_request=0xffffffcc fr.pc=0x000002a007b37b44 relative=0x00000000000003c4
Event: 7.491 Thread 0x000002a07fc3bd00 Uncommon trap: reason=intrinsic_or_type_checked_inlining action=make_not_entrant pc=0x000002a007b37b44 method=java.util.Arrays.copyOf([Ljava/lang/Object;ILjava/lang/Class;)[Ljava/lang/Object; @ 35 c2
Event: 7.491 Thread 0x000002a07fc3bd00 DEOPT PACKING pc=0x000002a007b37b44 sp=0x000000d94abfe4a0
Event: 7.491 Thread 0x000002a07fc3bd00 DEOPT UNPACKING pc=0x000002a0075ba282 sp=0x000000d94abfe448 mode 2
Event: 7.573 Thread 0x000002a07fc3bd00 Uncommon trap: trap_request=0xffffff45 fr.pc=0x000002a007b2c300 relative=0x0000000000000100
Event: 7.573 Thread 0x000002a07fc3bd00 Uncommon trap: reason=unstable_if action=reinterpret pc=0x000002a007b2c300 method=java.lang.Long.valueOf(J)Ljava/lang/Long; @ 9 c2
Event: 7.573 Thread 0x000002a07fc3bd00 DEOPT PACKING pc=0x000002a007b2c300 sp=0x000000d94abfe700
Event: 7.573 Thread 0x000002a07fc3bd00 DEOPT UNPACKING pc=0x000002a0075ba282 sp=0x000000d94abfe698 mode 2
Event: 7.586 Thread 0x000002a07fc3bd00 Uncommon trap: trap_request=0xffffff45 fr.pc=0x000002a007b444d0 relative=0x00000000000003d0
Event: 7.586 Thread 0x000002a07fc3bd00 Uncommon trap: reason=unstable_if action=reinterpret pc=0x000002a007b444d0 method=java.io.ByteArrayOutputStream.ensureCapacity(I)V @ 11 c2
Event: 7.586 Thread 0x000002a07fc3bd00 DEOPT PACKING pc=0x000002a007b444d0 sp=0x000000d94abfe550
Event: 7.586 Thread 0x000002a07fc3bd00 DEOPT UNPACKING pc=0x000002a0075ba282 sp=0x000000d94abfe430 mode 2
Event: 7.593 Thread 0x000002a07fc3bd00 Uncommon trap: trap_request=0xffffff45 fr.pc=0x000002a007b43f88 relative=0x0000000000000208
Event: 7.593 Thread 0x000002a07fc3bd00 Uncommon trap: reason=unstable_if action=reinterpret pc=0x000002a007b43f88 method=java.io.ByteArrayOutputStream.ensureCapacity(I)V @ 11 c2
Event: 7.593 Thread 0x000002a07fc3bd00 DEOPT PACKING pc=0x000002a007b43f88 sp=0x000000d94abfe310
Event: 7.593 Thread 0x000002a07fc3bd00 DEOPT UNPACKING pc=0x000002a0075ba282 sp=0x000000d94abfe248 mode 2

Classes loaded (20 events):
Event: 7.559 Loading class jdk/jfr/internal/MetadataDescriptor$Element
Event: 7.559 Loading class jdk/jfr/internal/MetadataDescriptor$Element done
Event: 7.560 Loading class jdk/jfr/internal/MetadataDescriptor$Attribute
Event: 7.560 Loading class jdk/jfr/internal/MetadataDescriptor$Attribute done
Event: 7.579 Loading class jdk/jfr/internal/consumer/StringParser$Encoding
Event: 7.579 Loading class jdk/jfr/internal/consumer/StringParser$Encoding done
Event: 7.599 Loading class jdk/jfr/internal/consumer/RepositoryFiles
Event: 7.599 Loading class jdk/jfr/internal/consumer/RepositoryFiles done
Event: 7.632 Loading class jdk/jfr/internal/SettingsManager$InternalSetting
Event: 7.633 Loading class jdk/jfr/internal/SettingsManager$InternalSetting done
Event: 7.635 Loading class jdk/jfr/internal/util/Rate
Event: 7.635 Loading class jdk/jfr/internal/util/Rate done
Event: 7.635 Loading class jdk/jfr/internal/util/TimespanUnit
Event: 7.636 Loading class jdk/jfr/internal/util/TimespanUnit done
Event: 7.636 Loading class jdk/jfr/internal/util/ValueParser
Event: 7.636 Loading class jdk/jfr/internal/util/ValueParser done
Event: 7.636 Loading class jdk/jfr/internal/util/TimespanRate
Event: 7.637 Loading class jdk/jfr/internal/util/TimespanRate done
Event: 7.638 Loading class jdk/jfr/internal/periodic/PeriodicType
Event: 7.638 Loading class jdk/jfr/internal/periodic/PeriodicType done

Classes unloaded (0 events):
No events

Classes redefined (0 events):
No events

Internal exceptions (20 events):
Event: 1.101 Thread 0x000002a0199d42b0 Exception <a 'java/lang/NoSuchMethodError'{0x0000000712219f80}: 'java.lang.Object java.lang.invoke.Invokers$Holder.linkToTargetMethod(java.lang.Object, long, java.lang.Object)'> (0x0000000712219f80) 
thrown [s\open\src\hotspot\share\interpreter\linkResolver.cpp, line 804]
Event: 1.101 Thread 0x000002a019986c60 Exception <a 'java/lang/ClassNotFoundException'{0x0000000712563cb8}: javax/management/remote/rmi/RMIConnectionImpl_Skel> (0x0000000712563cb8) 
thrown [s\open\src\hotspot\share\classfile\systemDictionary.cpp, line 327]
Event: 1.121 Thread 0x000002a019986c60 Exception <a 'java/lang/NoSuchMethodError'{0x00000007125818a8}: 'java.lang.Object java.lang.invoke.DirectMethodHandle$Holder.invokeInterface(java.lang.Object, java.lang.Object)'> (0x00000007125818a8) 
thrown [s\open\src\hotspot\share\interpreter\linkResolver.cpp, line 804]
Event: 1.133 Thread 0x000002a019986c60 Exception <a 'java/lang/NoSuchMethodError'{0x00000007125a9df8}: 'int java.lang.invoke.DelegatingMethodHandle$Holder.reinvoke_L(java.lang.Object, java.lang.Object, java.lang.Object, java.lang.Object, java.lang.Object)'> (0x00000007125a9df8) 
thrown [s\open\src\hotspot\share\interpreter\linkResolver.cpp, line 804]
Event: 1.145 Thread 0x000002a019986c60 Exception <a 'java/lang/NoSuchMethodError'{0x00000007125e9290}: 'java.lang.Object java.lang.invoke.DirectMethodHandle$Holder.invokeStatic(java.lang.Object, java.lang.Object, java.lang.Object, java.lang.Object, java.lang.Object, java.lang.Object, java.lang.Object, java.lang.Object, java.lang.Object)'> (0x00000007125e9290) 
thrown [s\open\src\hotspot\share\interpreter\linkResolver.cpp, line 804]
Event: 1.147 Thread 0x000002a019986c60 Exception <a 'java/lang/NoSuchMethodError'{0x0000000712302da8}: 'java.lang.Object java.lang.invoke.Invokers$Holder.invokeExact_MT(java.lang.Object, java.lang.Object, java.lang.Object, java.lang.Object, java.lang.Object, java.lang.Object)'> (0x0000000712302da8) 
thrown [s\open\src\hotspot\share\interpreter\linkResolver.cpp, line 804]
Event: 1.166 Thread 0x000002a019986c60 Exception <a 'java/lang/NoSuchMethodError'{0x000000071230ebc0}: 'java.lang.Object java.lang.invoke.DirectMethodHandle$Holder.invokeInterface(java.lang.Object, java.lang.Object, java.lang.Object, java.lang.Object, java.lang.Object)'> (0x000000071230ebc0) 
thrown [s\open\src\hotspot\share\interpreter\linkResolver.cpp, line 804]
Event: 1.176 Thread 0x000002a019986c60 Exception <a 'java/lang/NoSuchMethodError'{0x0000000712359728}: 'double java.lang.invoke.DirectMethodHandle$Holder.invokeInterface(java.lang.Object, java.lang.Object)'> (0x0000000712359728) 
thrown [s\open\src\hotspot\share\interpreter\linkResolver.cpp, line 804]
Event: 1.178 Thread 0x000002a019986c60 Exception <a 'java/lang/NoSuchMethodError'{0x000000071236a428}: 'double java.lang.invoke.DelegatingMethodHandle$Holder.reinvoke_L(java.lang.Object, java.lang.Object)'> (0x000000071236a428) 
thrown [s\open\src\hotspot\share\interpreter\linkResolver.cpp, line 804]
Event: 2.634 Thread 0x000002a019986c60 Exception <a 'java/lang/NoSuchMethodError'{0x0000000712392178}: 'long java.lang.invoke.DirectMethodHandle$Holder.invokeVirtual(java.lang.Object, java.lang.Object)'> (0x0000000712392178) 
thrown [s\open\src\hotspot\share\interpreter\linkResolver.cpp, line 804]
Event: 2.635 Thread 0x000002a019986c60 Exception <a 'java/lang/NoSuchMethodError'{0x00000007123a2900}: 'long java.lang.invoke.DelegatingMethodHandle$Holder.reinvoke_L(java.lang.Object, java.lang.Object)'> (0x00000007123a2900) 
thrown [s\open\src\hotspot\share\interpreter\linkResolver.cpp, line 804]
Event: 7.348 Thread 0x000002a07fc3bd00 Implicit null exception at 0x000002a007aebf39 to 0x000002a007aec9a4
Event: 7.358 Thread 0x000002a07fc3bd00 Exception <a 'java/lang/NoSuchMethodError'{0x00000007124f1ef8}: 'void java.lang.invoke.DirectMethodHandle$Holder.invokeStaticInit(java.lang.Object)'> (0x00000007124f1ef8) 
thrown [s\open\src\hotspot\share\interpreter\linkResolver.cpp, line 804]
Event: 7.366 Thread 0x000002a07fc3bd00 Exception <a 'java/lang/NoSuchMethodError'{0x00000007120561c0}: 'java.lang.Object java.lang.invoke.DirectMethodHandle$Holder.newInvokeSpecial(java.lang.Object, java.lang.Object, java.lang.Object, java.lang.Object, java.lang.Object)'> (0x00000007120561c0) 
thrown [s\open\src\hotspot\share\interpreter\linkResolver.cpp, line 804]
Event: 7.409 Thread 0x000002a07fc3bd00 Exception <a 'java/lang/NoSuchMethodError'{0x00000007121e31e0}: 'int java.lang.invoke.DirectMethodHandle$Holder.invokeStatic(java.lang.Object, java.lang.Object, java.lang.Object, java.lang.Object)'> (0x00000007121e31e0) 
thrown [s\open\src\hotspot\share\interpreter\linkResolver.cpp, line 804]
Event: 7.535 Thread 0x000002a07fc3bd00 Exception <a 'java/lang/NoSuchMethodError'{0x0000000711a0ae88}: 'void java.lang.invoke.DirectMethodHandle$Holder.invokeSpecial(java.lang.Object, java.lang.Object, int)'> (0x0000000711a0ae88) 
thrown [s\open\src\hotspot\share\interpreter\linkResolver.cpp, line 804]
Event: 7.536 Thread 0x000002a07fc3bd00 Exception <a 'java/lang/NoSuchMethodError'{0x0000000711a12ae0}: 'void java.lang.invoke.Invokers$Holder.invokeExact_MT(java.lang.Object, int, java.lang.Object)'> (0x0000000711a12ae0) 
thrown [s\open\src\hotspot\share\interpreter\linkResolver.cpp, line 804]
Event: 7.543 Thread 0x000002a07fc3bd00 Exception <a 'sun/nio/fs/WindowsException'{0x0000000711a3a770}> (0x0000000711a3a770) 
thrown [s\open\src\hotspot\share\prims\jni.cpp, line 516]
Event: 7.547 Thread 0x000002a07fc3bd00 Exception <a 'sun/nio/fs/WindowsException'{0x0000000711a401a8}> (0x0000000711a401a8) 
thrown [s\open\src\hotspot\share\prims\jni.cpp, line 516]
Event: 7.556 Thread 0x000002a07fc3bd00 Exception <a 'sun/nio/fs/WindowsException'{0x0000000711a42c80}> (0x0000000711a42c80) 
thrown [s\open\src\hotspot\share\prims\jni.cpp, line 516]

VM Operations (12 events):
Event: 0.234 Executing non-safepoint VM operation: HandshakeAllThreads (Deoptimize)
Event: 0.235 Executing non-safepoint VM operation: HandshakeAllThreads (Deoptimize) done
Event: 0.797 Executing non-safepoint VM operation: HandshakeAllThreads (Deoptimize)
Event: 0.797 Executing non-safepoint VM operation: HandshakeAllThreads (Deoptimize) done
Event: 0.935 Executing non-safepoint VM operation: HandshakeAllThreads (Deoptimize)
Event: 0.935 Executing non-safepoint VM operation: HandshakeAllThreads (Deoptimize) done
Event: 1.100 Executing non-safepoint VM operation: HandshakeAllThreads (Deoptimize)
Event: 1.100 Executing non-safepoint VM operation: HandshakeAllThreads (Deoptimize) done
Event: 7.541 Executing non-safepoint VM operation: HandshakeAllThreads (Deoptimize)
Event: 7.541 Executing non-safepoint VM operation: HandshakeAllThreads (Deoptimize) done
Event: 7.600 Executing safepoint VM operation: JFRSafepointClear
Event: 7.600 Executing safepoint VM operation: JFRSafepointClear done

Memory protections (0 events):
No events

Nmethod flushes (0 events):
No events

Events (20 events):
Event: 0.179 Thread 0x000002a073134520 Thread added: 0x000002a07fc3bd00
Event: 0.180 Thread 0x000002a073134520 Thread added: 0x000002a07fc401d0
Event: 0.180 Thread 0x000002a073134520 Thread added: 0x000002a07fc41140
Event: 0.180 Thread 0x000002a073134520 Thread added: 0x000002a07fc44040
Event: 0.186 Thread 0x000002a073134520 Thread added: 0x000002a07fc76d30
Event: 0.276 Thread 0x000002a073134520 Thread added: 0x000002a019182a70
Event: 0.313 Thread 0x000002a073134520 Thread added: 0x000002a019199e50
Event: 0.313 Thread 0x000002a073134520 Thread added: 0x000002a0191adaf0
Event: 0.598 Thread 0x000002a07fc76d30 Thread added: 0x000002a01918a8e0
Event: 0.599 Thread 0x000002a07fc76d30 Thread added: 0x000002a019187880
Event: 0.958 Thread 0x000002a07fc3bd00 Thread added: 0x000002a01997afc0
Event: 1.045 Thread 0x000002a01997afc0 Thread added: 0x000002a019986c60
Event: 1.086 Thread 0x000002a019986c60 Thread added: 0x000002a0199c41f0
Event: 1.098 Thread 0x000002a019986c60 Thread added: 0x000002a0199d42b0
Event: 2.627 Thread 0x000002a019187880 Thread exited: 0x000002a019187880
Event: 2.627 Thread 0x000002a01918a8e0 Thread exited: 0x000002a01918a8e0
Event: 7.356 Thread 0x000002a07fc3bd00 Thread added: 0x000002a0196be1f0
Event: 7.388 Thread 0x000002a07fc76d30 Thread added: 0x000002a019a502f0
Event: 7.422 Thread 0x000002a07fc76d30 Thread added: 0x000002a019a50b00
Event: 7.539 Thread 0x000002a07fc3bd00 Thread added: 0x000002a01c012030


Dynamic libraries:
0x00007ff6bf920000 - 0x00007ff6bf92e000 	C:\Users\Fernando\.jdks\openjdk-25.0.2\bin\java.exe
0x00007ff8704e0000 - 0x00007ff870747000 	C:\WINDOWS\SYSTEM32\ntdll.dll
0x00007ff86f360000 - 0x00007ff86f429000 	C:\WINDOWS\System32\KERNEL32.DLL
0x00007ff86d960000 - 0x00007ff86dd4f000 	C:\WINDOWS\System32\KERNELBASE.dll
0x00007ff86dd60000 - 0x00007ff86deab000 	C:\WINDOWS\System32\ucrtbase.dll
0x00007ff85ca20000 - 0x00007ff85ca3e000 	C:\Users\Fernando\.jdks\openjdk-25.0.2\bin\VCRUNTIME140.dll
0x00007ff864bf0000 - 0x00007ff864c07000 	C:\Users\Fernando\.jdks\openjdk-25.0.2\bin\jli.dll
0x00007ff86e290000 - 0x00007ff86e455000 	C:\WINDOWS\System32\USER32.dll
0x00007ff84a6a0000 - 0x00007ff84a933000 	C:\WINDOWS\WinSxS\amd64_microsoft.windows.common-controls_6595b64144ccf1df_6.0.26100.7309_none_3e05feeae336a044\COMCTL32.dll
0x00007ff8703c0000 - 0x00007ff870469000 	C:\WINDOWS\System32\msvcrt.dll
0x00007ff86f600000 - 0x00007ff86f62b000 	C:\WINDOWS\System32\GDI32.dll
0x00007ff86df60000 - 0x00007ff86df87000 	C:\WINDOWS\System32\win32u.dll
0x00007ff86d6c0000 - 0x00007ff86d7ec000 	C:\WINDOWS\System32\gdi32full.dll
0x00007ff86d8b0000 - 0x00007ff86d953000 	C:\WINDOWS\System32\msvcp_win.dll
0x00007ff86f430000 - 0x00007ff86f461000 	C:\WINDOWS\System32\IMM32.DLL
0x00007ff864d70000 - 0x00007ff864d7c000 	C:\Users\Fernando\.jdks\openjdk-25.0.2\bin\vcruntime140_1.dll
0x00007ff85ae90000 - 0x00007ff85af1d000 	C:\Users\Fernando\.jdks\openjdk-25.0.2\bin\msvcp140.dll
0x00007fffd9660000 - 0x00007fffda4bf000 	C:\Users\Fernando\.jdks\openjdk-25.0.2\bin\server\jvm.dll
0x00007ff86f030000 - 0x00007ff86f0e4000 	C:\WINDOWS\System32\ADVAPI32.dll
0x00007ff86ef80000 - 0x00007ff86f026000 	C:\WINDOWS\System32\sechost.dll
0x00007ff86e460000 - 0x00007ff86e578000 	C:\WINDOWS\System32\RPCRT4.dll
0x00007ff86f7d0000 - 0x00007ff86f844000 	C:\WINDOWS\System32\WS2_32.dll
0x00007ff86d490000 - 0x00007ff86d4ee000 	C:\WINDOWS\SYSTEM32\POWRPROF.dll
0x00007ff853860000 - 0x00007ff853895000 	C:\WINDOWS\SYSTEM32\WINMM.dll
0x00007ff85fa00000 - 0x00007ff85fa0b000 	C:\WINDOWS\SYSTEM32\VERSION.dll
0x00007ff86d470000 - 0x00007ff86d484000 	C:\WINDOWS\SYSTEM32\UMPDC.dll
0x00007ff86c3b0000 - 0x00007ff86c3cb000 	C:\WINDOWS\SYSTEM32\kernel.appcore.dll
0x00007ff85ca10000 - 0x00007ff85ca1a000 	C:\Users\Fernando\.jdks\openjdk-25.0.2\bin\jimage.dll
0x00007ff86ac70000 - 0x00007ff86aeb2000 	C:\WINDOWS\SYSTEM32\DBGHELP.DLL
0x00007ff86eb80000 - 0x00007ff86ef05000 	C:\WINDOWS\System32\combase.dll
0x00007ff86f520000 - 0x00007ff86f5f6000 	C:\WINDOWS\System32\OLEAUT32.dll
0x00007ff849cb0000 - 0x00007ff849cec000 	C:\WINDOWS\SYSTEM32\dbgcore.DLL
0x00007ff86deb0000 - 0x00007ff86df55000 	C:\WINDOWS\System32\bcryptPrimitives.dll
0x00007ff85c940000 - 0x00007ff85c950000 	C:\Users\Fernando\.jdks\openjdk-25.0.2\bin\instrument.dll
0x00007ff85b350000 - 0x00007ff85b36f000 	C:\Users\Fernando\.jdks\openjdk-25.0.2\bin\java.dll
0x00007ff86f630000 - 0x00007ff86f7c7000 	C:\WINDOWS\System32\ole32.dll
0x00007ff86f980000 - 0x00007ff8700d3000 	C:\WINDOWS\System32\SHELL32.dll
0x00007ff86df90000 - 0x00007ff86e0fa000 	C:\WINDOWS\System32\wintypes.dll
0x00007ff86b210000 - 0x00007ff86ba6e000 	C:\WINDOWS\SYSTEM32\windows.storage.dll
0x00007ff870240000 - 0x00007ff870335000 	C:\WINDOWS\System32\SHCORE.dll
0x00007ff86ef10000 - 0x00007ff86ef76000 	C:\WINDOWS\System32\shlwapi.dll
0x00007ff86d550000 - 0x00007ff86d579000 	C:\WINDOWS\SYSTEM32\profapi.dll
0x00007ff851760000 - 0x00007ff851777000 	C:\Users\Fernando\.jdks\openjdk-25.0.2\bin\zip.dll
0x00007ff85ad10000 - 0x00007ff85ad22000 	C:\Users\Fernando\.jdks\openjdk-25.0.2\bin\net.dll
0x00007ff86c950000 - 0x00007ff86c9bb000 	C:\WINDOWS\system32\mswsock.dll
0x00007ff85ab90000 - 0x00007ff85aba6000 	C:\Users\Fernando\.jdks\openjdk-25.0.2\bin\nio.dll
0x00007ff8538a0000 - 0x00007ff8538a9000 	C:\Users\Fernando\.jdks\openjdk-25.0.2\bin\extnet.dll
0x00007ff86be80000 - 0x00007ff86bfac000 	C:\WINDOWS\SYSTEM32\DNSAPI.dll
0x00007ff86bde0000 - 0x00007ff86be14000 	C:\WINDOWS\SYSTEM32\IPHLPAPI.DLL
0x00007ff870490000 - 0x00007ff87049a000 	C:\WINDOWS\System32\NSI.dll
0x00007ff84e990000 - 0x00007ff84e99b000 	C:\Windows\System32\rasadhlp.dll
0x00007ff85faf0000 - 0x00007ff85fb76000 	C:\WINDOWS\System32\fwpuclnt.dll
0x00007ff84e820000 - 0x00007ff84e82a000 	C:\Users\Fernando\.jdks\openjdk-25.0.2\bin\management.dll
0x00007ff8590e0000 - 0x00007ff8590ec000 	C:\Users\Fernando\.jdks\openjdk-25.0.2\bin\management_ext.dll
0x00007ff8700e0000 - 0x00007ff8700e8000 	C:\WINDOWS\System32\PSAPI.DLL
0x00007ff86cc10000 - 0x00007ff86cc2b000 	C:\WINDOWS\SYSTEM32\CRYPTSP.dll
0x00007ff86c310000 - 0x00007ff86c34a000 	C:\WINDOWS\system32\rsaenh.dll
0x00007ff86ca00000 - 0x00007ff86ca2b000 	C:\WINDOWS\SYSTEM32\USERENV.dll
0x00007ff86d520000 - 0x00007ff86d54a000 	C:\WINDOWS\SYSTEM32\bcrypt.dll
0x00007ff86cc30000 - 0x00007ff86cc3c000 	C:\WINDOWS\SYSTEM32\CRYPTBASE.dll
0x00007ff841170000 - 0x00007ff841188000 	C:\WINDOWS\system32\napinsp.dll
0x00007ff8404e0000 - 0x00007ff8404f2000 	C:\WINDOWS\System32\winrnr.dll
0x00007ff8404b0000 - 0x00007ff8404d2000 	C:\WINDOWS\system32\nlansp_c.dll
0x00007ff840490000 - 0x00007ff8404a6000 	C:\WINDOWS\system32\wshbth.dll
0x00007ff85a7c0000 - 0x00007ff85a816000 	C:\WINDOWS\SYSTEM32\pdh.dll
0x00007ff868030000 - 0x00007ff868042000 	C:\WINDOWS\System32\perfproc.dll
0x00007ff843680000 - 0x00007ff843691000 	C:\WINDOWS\System32\perfos.dll
0x00007ff86a4c0000 - 0x00007ff86a4d2000 	C:\WINDOWS\SYSTEM32\pfclient.dll
0x00007ff801e60000 - 0x00007ff802058000 	C:\Users\Fernando\AppData\Local\Temp\idea_libasyncProfiler_dll_temp_folder\libasyncProfiler.dll

JVMTI agents:
C:\Program Files\JetBrains\IntelliJ IDEA 2025.1.2\lib\idea_rt.jar path:C:\Users\Fernando\.jdks\openjdk-25.0.2\bin\instrument.dll, loaded, initialized, instrumentlib options:60280

dbghelp: loaded successfully - version: 4.0.5 - missing functions: none
symbol engine: initialized successfully - sym options: 0x614 - pdb path: .;C:\Users\Fernando\.jdks\openjdk-25.0.2\bin;C:\WINDOWS\SYSTEM32;C:\WINDOWS\WinSxS\amd64_microsoft.windows.common-controls_6595b64144ccf1df_6.0.26100.7309_none_3e05feeae336a044;C:\Users\Fernando\.jdks\openjdk-25.0.2\bin\server;C:\Users\Fernando\AppData\Local\Temp\idea_libasyncProfiler_dll_temp_folder

VM Arguments:
jvm_args: -javaagent:C:\Program Files\JetBrains\IntelliJ IDEA 2025.1.2\lib\idea_rt.jar=60280 -Dfile.encoding=UTF-8 -Dsun.stdout.encoding=UTF-8 -Dsun.stderr.encoding=UTF-8 
java_command: TableroPacman
java_class_path (initial): C:\Users\Fernando\Desktop\Repositorio\IPC1B_1S2026_Ejemplos\PacmanTablero\out\production\PacmanTablero
Launcher Type: SUN_STANDARD

[Global flags]
     intx CICompilerCount                          = 4                                         {product} {ergonomic}
     uint ConcGCThreads                            = 2                                         {product} {ergonomic}
     bool FlightRecorder                           = true                                      {product} {management}
     uint G1ConcRefinementThreads                  = 8                                         {product} {ergonomic}
   size_t G1HeapRegionSize                         = 2097152                                   {product} {ergonomic}
   size_t InitialHeapSize                          = 266338304                                 {product} {ergonomic}
   size_t MarkStackSize                            = 4194304                                   {product} {ergonomic}
   size_t MarkStackSizeMax                         = 536870912                                 {product} {ergonomic}
   size_t MaxHeapSize                              = 4238344192                                {product} {ergonomic}
   size_t MaxNewSize                               = 2541748224                                {product} {ergonomic}
   size_t MinHeapDeltaBytes                        = 2097152                                   {product} {ergonomic}
   size_t MinHeapSize                              = 8388608                                   {product} {ergonomic}
    uintx NonNMethodCodeHeapSize                   = 5832704                                {pd product} {ergonomic}
    uintx NonProfiledCodeHeapSize                  = 122945536                              {pd product} {ergonomic}
    uintx ProfiledCodeHeapSize                     = 122880000                              {pd product} {ergonomic}
    uintx ReservedCodeCacheSize                    = 251658240                              {pd product} {ergonomic}
     bool SegmentedCodeCache                       = true                                      {product} {ergonomic}
   size_t SoftMaxHeapSize                          = 4238344192                             {manageable} {ergonomic}
     bool UseCompressedOops                        = true                           {product lp64_product} {ergonomic}
     bool UseG1GC                                  = true                                      {product} {ergonomic}
     bool UseLargePagesIndividualAllocation        = false                                  {pd product} {ergonomic}

Logging:
Log output configuration:
 #0: stdout all=warning uptime,level,tags foldmultilines=false
 #1: stderr all=off uptime,level,tags foldmultilines=false

Release file:
IMPLEMENTOR="Oracle Corporation" 
JAVA_RUNTIME_VERSION="25.0.2+10-69" 
JAVA_VERSION="25.0.2" 
JAVA_VERSION_DATE="2026-01-20" 
LIBC="default" 
MODULES="java.base java.compiler java.datatransfer java.xml java.prefs java.desktop java.instrument java.logging java.management java.security.sasl java.naming java.rmi java.management.rmi java.net.http java.scripting java.security.jgss java.transaction.xa java.sql java.sql.rowset java.xml.crypto java.se java.smartcardio jdk.accessibility jdk.internal.jvmstat jdk.attach jdk.charsets jdk.internal.opt jdk.zipfs jdk.compiler jdk.crypto.cryptoki jdk.crypto.ec jdk.crypto.mscapi jdk.dynalink jdk.internal.ed jdk.editpad jdk.internal.vm.ci jdk.graal.compiler jdk.graal.compiler.management jdk.hotspot.agent jdk.httpserver jdk.incubator.vector jdk.internal.le jdk.internal.md jdk.jartool jdk.javadoc jdk.jcmd jdk.management jdk.management.agent jdk.jconsole jdk.jdeps jdk.jdwp.agent jdk.jdi jdk.jfr jdk.jlink jdk.jpackage jdk.jshell jdk.jsobject jdk.jstatd jdk.localedata jdk.management.jfr jdk.naming.dns jdk.naming.rmi jdk.net jdk.nio.mapmode jdk.sctp jdk.security.auth jdk.security.jgss jdk.unsupported jdk.unsupported.desktop jdk.xml.dom" 
OS_ARCH="x86_64" 
OS_NAME="Windows" 
SOURCE=".:git:405a5699ebd0" 

Environment Variables:
PATH=C:\Program Files\Common Files\Oracle\Java\javapath;C:\Program Files (x86)\Common Files\Oracle\Java\java8path;C:\Program Files (x86)\Common Files\Oracle\Java\javapath;C:\windows\system32;C:\windows;C:\windows\System32\Wbem;C:\windows\System32\WindowsPowerShell\v1.0\;C:\windows\System32\OpenSSH\;C:\Program Files (x86)\NVIDIA Corporation\PhysX\Common;C:\Program Files\NVIDIA Corporation\NVIDIA NvDLISR;C:\WINDOWS\system32;C:\WINDOWS;C:\WINDOWS\System32\Wbem;C:\WINDOWS\System32\WindowsPowerShell\v1.0\;C:\WINDOWS\System32\OpenSSH\;C:\Program Files\HP\HP One Agent;C:\WINDOWS\system32;C:\WINDOWS;C:\WINDOWS\System32\Wbem;C:\WINDOWS\System32\WindowsPowerShell\v1.0\;C:\WINDOWS\System32\OpenSSH\;C:\Program Files\Docker\Docker\resources\bin;C:\Users\Fernando\Downloads\instantclient-basic-windows.x64-23.7.0.25.01\instantclient_23_7;C:\Program Files\PuTTY\;C:\Program Files\Microsoft\Web Platform Installer\;C:\Program Files (x86)\Microsoft ASP.NET\ASP.NET Web Pages\v1.0\;C:\Program Files\Microsoft SQL Server\110\Tools\Binn\;C:\Program Files\Git\cmd;C:\Program Files\nodejs\;C:\Users\Fernando\AppData\Local\Programs\Python\Python313\Scripts\;C:\Users\Fernando\AppData\Local\Programs\Python\Python313\;C:\Users\Fernando\AppData\Local\Programs\Python\Launcher\;C:\Users\Fernando\AppData\Local\Microsoft\WindowsApps;C:\Program Files\JetBrains\DataGrip 2024.3.5\bin;C:\Users\Fernando\AppData\Local\Programs\Microsoft VS Code\bin;C:\Users\Fernando\AppData\Local\gitkraken\bin;;C:\Program Files\JetBrains\IntelliJ IDEA 2025.1.2\bin;;C:\Users\Fernando\AppData\Roaming\npm
USERNAME=Fernando
OS=Windows_NT
PROCESSOR_IDENTIFIER=Intel64 Family 6 Model 165 Stepping 2, GenuineIntel
TMP=C:\Users\Fernando\AppData\Local\Temp
TEMP=C:\Users\Fernando\AppData\Local\Temp




Compilation memory statistics disabled.

Periodic native trim disabled

---------------  S Y S T E M  ---------------

OS:
 Windows 11 , 64 bit Build 26100 (10.0.26100.7309)
OS uptime: 13 days 12:23 hours
Hyper-V role detected

CPU: total 8 (initial active 8) (4 cores per cpu, 2 threads per core) family 6 model 165 stepping 2 microcode 0xf0, cx8, cmov, fxsr, ht, mmx, 3dnowpref, sse, sse2, sse3, ssse3, sse4.1, sse4.2, popcnt, lzcnt, tsc, tscinvbit, avx, avx2, aes, erms, clmul, bmi1, bmi2, adx, fma, vzeroupper, clflush, clflushopt, hv, rdtscp, f16c
Processor Information for the first 8 processors :
  Max Mhz: 2496, Current Mhz: 2496, Mhz Limit: 2496

Memory: 4k page, system-wide physical 16160M (2788M free)
TotalPageFile size 26400M (AvailPageFile size 11406M)
current process WorkingSet (physical memory assigned to process): 100M, peak: 100M
current process commit charge ("private bytes"): 396M, peak: 398M

vm_info: OpenJDK 64-Bit Server VM (25.0.2+10-69) for windows-amd64 JRE (25.0.2+10-69), built on 2025-12-18T11:36:35Z with MS VC++ 17.13 (VS2022)

END.
